<?xml version="1.0" encoding="UTF-8"?>
<testng-results ignored="0" total="1" passed="1" failed="0" skipped="0">
  <reporter-output>
  </reporter-output>
  <suite started-at="2024-11-05T16:29:09 IST" name="Default suite" finished-at="2024-11-05T16:30:05 IST" duration-ms="56360">
    <groups>
    </groups>
    <test started-at="2024-11-05T16:29:09 IST" name="Default test" finished-at="2024-11-05T16:30:05 IST" duration-ms="56360">
      <class name="testpkg.Curahealthtest">
        <test-method is-config="true" signature="setUp()[pri:0, instance:testpkg.Curahealthtest@6253c26]" started-at="2024-11-05T16:29:09 IST" name="setUp" finished-at="2024-11-05T16:29:31 IST" duration-ms="22112" status="PASS">
          <reporter-output>
          </reporter-output>
        </test-method> <!-- setUp -->
        <test-method signature="curahealthlogin()[pri:0, instance:testpkg.Curahealthtest@6253c26]" started-at="2024-11-05T16:29:31 IST" name="curahealthlogin" finished-at="2024-11-05T16:30:05 IST" duration-ms="34151" status="PASS">
          <reporter-output>
          </reporter-output>
        </test-method> <!-- curahealthlogin -->
      </class> <!-- testpkg.Curahealthtest -->
    </test> <!-- Default test -->
  </suite> <!-- Default suite -->
</testng-results>
